<?xml version="1.0" encoding="UTF-8"?>
<!-- Generated by org.testng.reporters.JUnitReportReporter -->
<testsuite skipped="0" hostname="5CG50201R7" name="BaseClass.BaseClass" tests="1" failures="0" timestamp="21 May 2018 05:41:26 GMT" time="25.967" errors="1">
  <testcase name="initialize" time="25.967" classname="BaseClass.BaseClass">
    <error type="java.io.IOException" message="Destination &#039;D:\17032018\Framework\src\reports\screenshot&#039; directory cannot be created">
      <![CDATA[java.io.IOException: Destination 'D:\17032018\Framework\src\reports\screenshot' directory cannot be created
	at org.apache.commons.io.FileUtils.copyFile(FileUtils.java:1070)
	at org.apache.commons.io.FileUtils.copyFile(FileUtils.java:1028)
	at Library.ApplicationLibrary.captureScreenShot(ApplicationLibrary.java:24)
	at BaseClass.BaseClass.initialize(BaseClass.java:70)
	at sun.reflect.NativeMethodAccessorImpl.invoke0(Native Method)
	at sun.reflect.NativeMethodAccessorImpl.invoke(Unknown Source)
	at sun.reflect.DelegatingMethodAccessorImpl.invoke(Unknown Source)
	at java.lang.reflect.Method.invoke(Unknown Source)
	at org.testng.internal.MethodInvocationHelper.invokeMethod(MethodInvocationHelper.java:108)
	at org.testng.internal.Invoker.invokeConfigurationMethod(Invoker.java:523)
	at org.testng.internal.Invoker.invokeConfigurations(Invoker.java:224)
	at org.testng.internal.Invoker.invokeConfigurations(Invoker.java:146)
	at org.testng.SuiteRunner.privateRun(SuiteRunner.java:326)
	at org.testng.SuiteRunner.run(SuiteRunner.java:289)
	at org.testng.SuiteRunnerWorker.runSuite(SuiteRunnerWorker.java:52)
	at org.testng.SuiteRunnerWorker.run(SuiteRunnerWorker.java:86)
	at org.testng.TestNG.runSuitesSequentially(TestNG.java:1301)
	at org.testng.TestNG.runSuitesLocally(TestNG.java:1226)
	at org.testng.TestNG.runSuites(TestNG.java:1144)
	at org.testng.TestNG.run(TestNG.java:1115)
	at org.testng.remote.AbstractRemoteTestNG.run(AbstractRemoteTestNG.java:114)
	at org.testng.remote.RemoteTestNG.initAndRun(RemoteTestNG.java:251)
	at org.testng.remote.RemoteTestNG.main(RemoteTestNG.java:77)
]]>
    </error>
  </testcase> <!-- initialize -->
</testsuite> <!-- BaseClass.BaseClass -->
