<?xml version="1.0" encoding="UTF-8"?>
<!-- Generated by org.testng.reporters.JUnitReportReporter -->
<testsuite skipped="0" hostname="5CG50201R7" name="TestScripts.Tc_Search" tests="1" failures="0" timestamp="31 May 2018 04:54:14 GMT" time="6.012" errors="0">
  <testcase name="search" time="6.012" classname="TestScripts.Tc_Search"/>
</testsuite> <!-- TestScripts.Tc_Search -->
