<?xml version="1.0" encoding="UTF-8"?>
<!-- Generated by org.testng.reporters.JUnitReportReporter -->
<testsuite skipped="0" hostname="5CG50201R7" name="TestScripts.Tc_Registraction" tests="1" failures="0" timestamp="31 May 2018 04:54:14 GMT" time="3.503" errors="0">
  <testcase name="registration" time="3.503" classname="TestScripts.Tc_Registraction"/>
</testsuite> <!-- TestScripts.Tc_Registraction -->
